CRITICAL - 2022-12-22 06:34:24 --> Invalid file: Sales/Product/Chart/daySalesProduct.php
in SYSTEMPATH\Exceptions\FrameworkException.php on line 33.
 1 SYSTEMPATH\View\View.php(201): CodeIgniter\Exceptions\FrameworkException::forInvalidFile('Sales/Product/Chart/daySalesProduct.php')
 2 SYSTEMPATH\Common.php(1134): CodeIgniter\View\View->render('Sales/Product/Chart/daySalesProduct', [], true)
 3 APPPATH\Controllers\Sales.php(145): view('Sales/Product/Chart/daySalesProduct', [...])
 4 SYSTEMPATH\CodeIgniter.php(927): App\Controllers\Sales->daySalesProduct()
 5 SYSTEMPATH\CodeIgniter.php(482): CodeIgniter\CodeIgniter->runController(Object(App\Controllers\Sales))
 6 SYSTEMPATH\CodeIgniter.php(351): CodeIgniter\CodeIgniter->handleRequest(null, Object(Config\Cache), false)
 7 FCPATH\index.php(67): CodeIgniter\CodeIgniter->run()
 8 SYSTEMPATH\Commands\Server\rewrite.php(46): require_once('FCPATH\\index.php')
CRITICAL - 2022-12-22 06:34:35 --> Invalid file: Sales/Product/Chart/daySalesProduct.php
in SYSTEMPATH\Exceptions\FrameworkException.php on line 33.
 1 SYSTEMPATH\View\View.php(201): CodeIgniter\Exceptions\FrameworkException::forInvalidFile('Sales/Product/Chart/daySalesProduct.php')
 2 SYSTEMPATH\Common.php(1134): CodeIgniter\View\View->render('Sales/Product/Chart/daySalesProduct', [], true)
 3 APPPATH\Controllers\Sales.php(145): view('Sales/Product/Chart/daySalesProduct', [...])
 4 SYSTEMPATH\CodeIgniter.php(927): App\Controllers\Sales->daySalesProduct()
 5 SYSTEMPATH\CodeIgniter.php(482): CodeIgniter\CodeIgniter->runController(Object(App\Controllers\Sales))
 6 SYSTEMPATH\CodeIgniter.php(351): CodeIgniter\CodeIgniter->handleRequest(null, Object(Config\Cache), false)
 7 FCPATH\index.php(67): CodeIgniter\CodeIgniter->run()
 8 SYSTEMPATH\Commands\Server\rewrite.php(46): require_once('FCPATH\\index.php')
